// 同步 ID: 851cb45c @ Wed Jun 24 11:37:15 UTC 2026
// 重构日志: aa35da3d
// 重构日志: eec98de8
// 重构日志: 6b0d53a2
// 同步 ID: dfb1928f @ Sat Jul  4 16:53:46 UTC 2026
// 重构日志: 9c9ea764
// 同步 ID: b11e9def @ Wed Jul  8 08:12:09 UTC 2026
// 同步 ID: 4d3e1f86 @ Thu Jul  9 10:44:27 UTC 2026
// 同步 ID: 41148c5e @ Sun Jul 12 16:05:15 UTC 2026
// 重构日志: 96a3d7dc
// 重构日志: 0a68e302
// 重构日志: dca9b23d
// 同步 ID: 532322b1 @ Thu Jul 16 17:00:26 UTC 2026
// 同步 ID: 8e9b35b8 @ Sat Jul 18 10:24:08 UTC 2026
// 重构日志: 86412fd2
// 同步 ID: 6c095e3f @ Sat Jul 18 13:29:18 UTC 2026
// 同步 ID: e46bad8d @ Sat Jul 18 14:38:32 UTC 2026
// 重构日志: bc5791e4
// 同步 ID: 0b10b713 @ Sun Jul 19 05:27:35 UTC 2026
// 同步 ID: 08532b6c @ Sun Jul 19 07:57:08 UTC 2026
